<?xml version="1.0" encoding="UTF-8"?>
<!-- Generated by org.testng.reporters.JUnitXMLReporter -->
<testsuite ignored="0" hostname="TMKVM-HEXEMP81" failures="0" tests="3" name="Command line test" time="396.739" errors="0" timestamp="2022-09-08T16:56:55 IST">
  <testcase classname="groupACCI.GrpAcciAPITest" name="postRequest" time="391.972"/>
  <testcase classname="groupACCI.GrpAcciAPITest" name="compareRates" time="0.555"/>
  <testcase classname="groupACCI.GrpAcciAPITest" name="reports" time="1.192"/>
</testsuite> <!-- Command line test -->
